nohup: ignoring input
7
(7, 28)
(28, 28)
rl errV: 2.8386751875274264e-12
abs errV: 2.0615721155266396e-11
errt: 7.097049412242525e-13
errh: 2.585427402664151e-13
errht: 9.079449636842276e-14
[1, 16, 58, 96, 96, 58, 16, 1]
<class 'list'>
<class 'list'>
<class 'pytenet.mpo.MPO'>
[1, 2, 2, 2, 2, 2, 2, 1]
/work_fast/ge49cag/pytenet_thc_spin_cons/thc_experiments/../pytenet/global_krylov_method.py:214: ComplexWarning: Casting complex values to real discards the imaginary part
  H_reduced[i, j] = operator_inner_product(temp1, H_mpo, temp2)
/work_fast/ge49cag/pytenet_thc_spin_cons/thc_experiments/../pytenet/global_krylov_method.py:113: ComplexWarning: Casting complex values to real discards the imaginary part
  W[i,j] = vdot(temp1, temp2)
(0.482691434420758+0j)
(0.1537018138803461+0j)
(0.01762826233725434+0j)
(0.0022088721539148537+0j)
(0.0010251117683424127+0j)
(0.0009162184665427731+0j)
(0.0009093659996466386+0j)
(0.0009012415410154517+0j)
0.0009014407334433372
0.018195923011248283
[1, 4, 16, 30, 30, 16, 4, 1]
2
[1, 4, 16, 30, 30, 16, 4, 1]
3
[1, 4, 16, 30, 30, 16, 4, 1]
4
[1, 4, 16, 30, 30, 16, 4, 1]
5
[1, 4, 16, 30, 30, 16, 4, 1]
6
[1, 4, 16, 30, 30, 16, 4, 1]
7
[1, 4, 16, 30, 30, 16, 4, 1]
8
[1, 4, 16, 30, 30, 16, 4, 1]
9
[1, 4, 16, 30, 30, 16, 4, 1]
10
[1, 4, 16, 30, 30, 16, 4, 1]
11
[1, 4, 16, 30, 30, 16, 4, 1]
12
[1, 4, 16, 30, 30, 16, 4, 1]
13
[1, 4, 16, 30, 30, 16, 4, 1]
14
[1, 4, 16, 30, 30, 16, 4, 1]
15
[1, 4, 16, 30, 30, 16, 4, 1]
16
[1, 4, 16, 30, 30, 16, 4, 1]
17
[1, 4, 16, 30, 30, 16, 4, 1]
18
