nohup: ignoring input
10
(10, 54)
(54, 54)
rl errV: 4.1820845752853356e-11
abs errV: 3.8066592338760633e-10
errt: 3.154644475670545e-13
errh: 9.901687508780257e-13
errht: 1.487965379663005e-12
<class 'list'>
<class 'list'>
<class 'pytenet.mpo.MPO'>
[1, 2, 2, 2, 2, 2, 2, 2, 2, 2, 1]
[1, 16, 70, 108, 162, 232, 162, 108, 70, 16, 1]
3.8066592338760633e-10
/work_fast/ge49cag/pytenet_thc_spin_cons/thc_experiments/../pytenet/global_krylov_method.py:214: ComplexWarning: Casting complex values to real discards the imaginary part
  H_reduced[i, j] = operator_inner_product(temp1, H_mpo, temp2)
/work_fast/ge49cag/pytenet_thc_spin_cons/thc_experiments/../pytenet/global_krylov_method.py:113: ComplexWarning: Casting complex values to real discards the imaginary part
  W[i,j] = vdot(temp1, temp2)
(4.402666010090485+0j)
(1.955040530397298+0j)
(0.7788250892265296+0j)
(0.2220342111791922+0j)
(0.05117604716497226+0j)
(0.007868649783517867+0j)
(0.0036343189329386405+0j)
(0.0010083363893329533+0j)
(0.00054263695113832+0j)
(0.0004307606875215697+0j)
(0.0003448003793380394+0j)
(0.0003232190660469314+0j)
(0.00026878144268494+0j)
(0.00026446569000881937+0j)
(0.00026145538458877127+0j)
(0.00025073280889387206+0j)
[1, 4, 16, 64, 172, 232, 172, 64, 16, 4, 1]
2
[1, 4, 16, 64, 172, 232, 172, 64, 16, 4, 1]
3
[1, 4, 16, 64, 172, 232, 172, 64, 16, 4, 1]
4
[1, 4, 16, 64, 172, 232, 172, 64, 16, 4, 1]
5
[1, 4, 16, 64, 172, 232, 172, 64, 16, 4, 1]
6
[1, 4, 16, 64, 172, 232, 172, 64, 16, 4, 1]
7
[1, 4, 16, 64, 172, 232, 172, 64, 16, 4, 1]
8
[1, 4, 16, 64, 172, 232, 172, 64, 16, 4, 1]
9
[1, 4, 16, 64, 172, 232, 172, 64, 16, 4, 1]
10
[1, 4, 16, 64, 172, 232, 172, 64, 16, 4, 1]
11
[1, 4, 16, 64, 172, 232, 172, 64, 16, 4, 1]
12
[1, 4, 16, 64, 172, 232, 172, 64, 16, 4, 1]
13
[1, 4, 16, 64, 172, 232, 172, 64, 16, 4, 1]
14
[1, 4, 16, 64, 172, 232, 172, 64, 16, 4, 1]
15
[1, 4, 16, 64, 172, 232, 172, 64, 16, 4, 1]
16
[1, 4, 16, 64, 172, 232, 172, 64, 16, 4, 1]
17
[1, 4, 16, 64, 172, 232, 172, 64, 16, 4, 1]
18
[1, 4, 16, 64, 172, 232, 172, 64, 16, 4, 1]
19
[1, 4, 16, 64, 172, 232, 172, 64, 16, 4, 1]
20
[1, 4, 16, 64, 172, 232, 172, 64, 16, 4, 1]
21
[1, 4, 16, 64, 172, 232, 172, 64, 16, 4, 1]
22
[1, 4, 16, 64, 172, 232, 172, 64, 16, 4, 1]
23
[1, 4, 16, 64, 172, 232, 172, 64, 16, 4, 1]
24
[1, 4, 16, 64, 172, 232, 172, 64, 16, 4, 1]
25
[1, 4, 16, 64, 172, 232, 172, 64, 16, 4, 1]
26
[1, 4, 16, 64, 172, 232, 172, 64, 16, 4, 1]
27
[1, 4, 16, 64, 172, 232, 172, 64, 16, 4, 1]
28
[1, 4, 16, 64, 172, 232, 172, 64, 16, 4, 1]
29
[1, 4, 16, 64, 172, 232, 172, 64, 16, 4, 1]
30
[1, 4, 16, 64, 172, 232, 172, 64, 16, 4, 1]
31
[1, 4, 16, 64, 172, 232, 172, 64, 16, 4, 1]
32
[1, 4, 16, 64, 172, 232, 172, 64, 16, 4, 1]
33
[1, 4, 16, 64, 172, 232, 172, 64, 16, 4, 1]
34
[1, 4, 16, 64, 172, 232, 172, 64, 16, 4, 1]
35
[1, 4, 16, 64, 172, 232, 172, 64, 16, 4, 1]
36
[1, 4, 16, 64, 172, 232, 172, 64, 16, 4, 1]
37
[1, 4, 16, 64, 172, 232, 172, 64, 16, 4, 1]
38
[1, 4, 16, 64, 172, 232, 172, 64, 16, 4, 1]
39
[1, 4, 16, 64, 172, 232, 172, 64, 16, 4, 1]
(0.00020765149150747675+0j)
(0.00020485649878310142+0j)
(0.00020407886682960452+0j)
(0.00019780204701191906+0j)
(0.0001945256204578527+0j)
(0.0001936710713721368+0j)
(0.000191108335940271+0j)
(0.0001905249329183789+0j)
Traceback (most recent call last):
  File "/work_fast/ge49cag/pytenet_thc_spin_cons/thc_experiments/CO_Krylov.py", line 198, in <module>
    e_4, v_4 = np.linalg.norm(H_reduced_4)
TypeError: cannot unpack non-iterable numpy.float64 object
